<?xml version="1.0" encoding="UTF-8"?>
<!-- Generated by org.testng.reporters.JUnitReportReporter -->
<testsuite hostname="Garg" failures="0" tests="4" name="com.qa.testcases.FlightTestCases" time="3.503" errors="0" timestamp="2024-03-17T15:16:49 IST" skipped="0">
  <testcase classname="com.qa.testcases.FlightTestCases" name="TC004_SelectFlightOption" time="1.509"/>
  <system-out/>
  <testcase classname="com.qa.testcases.FlightTestCases" name="TC001_CheckifLogoisPresent" time="0.083"/>
  <system-out/>
  <testcase classname="com.qa.testcases.FlightTestCases" name="TC003_CheckifLogoisPresent" time="0.092"/>
  <system-out/>
  <testcase classname="com.qa.testcases.FlightTestCases" name="TC002_SelectFlightOption" time="1.819"/>
  <system-out/>
</testsuite> <!-- com.qa.testcases.FlightTestCases -->
