<?xml version="1.0" encoding="UTF-8"?>
<!-- Generated by org.testng.reporters.JUnitReportReporter -->
<testsuite hostname="Garg" failures="0" tests="4" name="com.qa.testcases.FlightTestCases" time="3.899" errors="0" timestamp="2024-03-17T14:38:03 IST" skipped="0">
  <testcase classname="com.qa.testcases.FlightTestCases" name="TC004_SelectFlightOption" time="2.023"/>
  <system-out/>
  <testcase classname="com.qa.testcases.FlightTestCases" name="TC003_CheckifLogoisPresent" time="0.136"/>
  <system-out/>
  <testcase classname="com.qa.testcases.FlightTestCases" name="TC002_SelectFlightOption" time="1.644"/>
  <system-out/>
  <testcase classname="com.qa.testcases.FlightTestCases" name="TC001_CheckifLogoisPresent" time="0.096"/>
  <system-out/>
</testsuite> <!-- com.qa.testcases.FlightTestCases -->
