<?xml version="1.0" encoding="UTF-8"?>
<!-- Generated by org.testng.reporters.JUnitReportReporter -->
<testsuite hostname="Garg" failures="0" tests="2" name="com.qa.testcases.FlightTestCases" time="1.871" errors="0" timestamp="2024-03-18T12:19:53 IST" skipped="0">
  <testcase classname="com.qa.testcases.FlightTestCases" name="TC002_SelectFlightOption" time="1.768"/>
  <system-out/>
  <testcase classname="com.qa.testcases.FlightTestCases" name="TC001_CheckifLogoisPresent" time="0.103"/>
  <system-out/>
</testsuite> <!-- com.qa.testcases.FlightTestCases -->
